<?xml version="1.0" encoding="UTF-8"?>
<!-- Generated by org.testng.reporters.JUnitReportReporter -->
<testsuite skipped="0" hostname="Shri-PC" name="com.utility.ExcelUtility" tests="1" failures="0" timestamp="14 Oct 2021 08:40:41 GMT" time="1.065" errors="0">
  <testcase name="test" time="1.065" classname="com.utility.ExcelUtility"/>
</testsuite> <!-- com.utility.ExcelUtility -->
