<?xml version="1.0" encoding="UTF-8"?>
<!-- Generated by org.testng.reporters.JUnitReportReporter -->
<testsuite skipped="0" hostname="Shri-PC" name="com.tests.LoginTest" tests="3" failures="0" timestamp="23 Oct 2021 05:13:11 GMT" time="4.666" errors="0">
  <testcase name="verifyTitle" time="0.065" classname="com.tests.LoginTest"/>
  <testcase name="invalidLoginTest" time="1.997" classname="com.tests.LoginTest"/>
  <testcase name="loginTest" time="2.604" classname="com.tests.LoginTest"/>
</testsuite> <!-- com.tests.LoginTest -->
