<?xml version="1.0" encoding="UTF-8"?>
<!-- Generated by org.testng.reporters.JUnitReportReporter -->
<testsuite skipped="0" hostname="Shri-PC" name="com.tests.DashboardTest" tests="2" failures="0" timestamp="23 Oct 2021 05:13:11 GMT" time="0.748" errors="0">
  <testcase name="verifyCourses" time="0.190" classname="com.tests.DashboardTest"/>
  <testcase name="userClick" time="0.558" classname="com.tests.DashboardTest"/>
</testsuite> <!-- com.tests.DashboardTest -->
