<?xml version="1.0" encoding="UTF-8"?>
<!-- Generated by org.testng.reporters.JUnitReportReporter -->
<testsuite skipped="0" hostname="Shri-PC" name="com.tests.UserTest" tests="1" failures="0" timestamp="23 Oct 2021 05:13:11 GMT" time="0.039" errors="0">
  <testcase name="verifyTableRows" time="0.039" classname="com.tests.UserTest"/>
</testsuite> <!-- com.tests.UserTest -->
